<?xml version="1.0" encoding="UTF-8"?>
<!-- Generated by org.testng.reporters.JUnitReportReporter -->
<testsuite hostname="DESKTOP-U273UD0" failures="0" tests="1" name="covid19Api.TC_GetByDate" time="3.464" errors="0" timestamp="2020-05-29T10:57:35 IST" skipped="0">
  <testcase classname="covid19Api.TC_GetByDate" name="Test1" time="3.464"/>
  <system-out/>
</testsuite> <!-- covid19Api.TC_GetByDate -->
