<?xml version="1.0" encoding="UTF-8"?>
<!-- Generated by org.testng.reporters.JUnitReportReporter -->
<testsuite hostname="DESKTOP-U273UD0" failures="0" tests="1" name="reqres.in_APITesting.SingleResourceNotFound" time="3.091" errors="0" timestamp="2020-05-29T17:57:27 IST" skipped="0">
  <testcase classname="reqres.in_APITesting.SingleResourceNotFound" name="Test1" time="3.091"/>
  <system-out/>
</testsuite> <!-- reqres.in_APITesting.SingleResourceNotFound -->
