<?xml version="1.0" encoding="UTF-8"?>
<!-- Generated by org.testng.reporters.JUnitReportReporter -->
<testsuite hostname="DESKTOP-U273UD0" failures="0" tests="1" name="covid19Api.TC_GetDay1" time="1.710" errors="0" timestamp="2020-05-29T10:56:09 IST" skipped="0">
  <testcase classname="covid19Api.TC_GetDay1" name="Test1" time="1.710"/>
  <system-out/>
</testsuite> <!-- covid19Api.TC_GetDay1 -->
