<?xml version="1.0" encoding="UTF-8"?>
<!-- Generated by org.testng.reporters.JUnitReportReporter -->
<testsuite hostname="DESKTOP-U273UD0" failures="0" tests="1" name="reqres.in_APITesting.RegisterSuccessful" time="2.974" errors="0" timestamp="2020-05-29T12:38:50 IST" skipped="0">
  <testcase classname="reqres.in_APITesting.RegisterSuccessful" name="Test1" time="2.974"/>
  <system-out/>
</testsuite> <!-- reqres.in_APITesting.RegisterSuccessful -->
