<?xml version="1.0" encoding="UTF-8"?>
<!-- Generated by org.testng.reporters.JUnitReportReporter -->
<testsuite hostname="DESKTOP-U273UD0" failures="0" tests="1" name="reqres.in_APITesting.SingleUserNotFound" time="2.938" errors="0" timestamp="2020-05-29T12:32:09 IST" skipped="0">
  <testcase classname="reqres.in_APITesting.SingleUserNotFound" name="Test1" time="2.938"/>
  <system-out/>
</testsuite> <!-- reqres.in_APITesting.SingleUserNotFound -->
