<?xml version="1.0" encoding="UTF-8"?>
<!-- Generated by org.testng.reporters.JUnitReportReporter -->
<testsuite hostname="DESKTOP-U273UD0" failures="0" tests="1" name="reqres.in_APITesting.Fetch_Singleuser" time="1.003" errors="0" timestamp="2020-05-29T18:29:00 IST" skipped="0">
  <testcase classname="reqres.in_APITesting.Fetch_Singleuser" name="Test1" time="1.003"/>
  <system-out/>
</testsuite> <!-- reqres.in_APITesting.Fetch_Singleuser -->
