<?xml version="1.0" encoding="UTF-8"?>
<!-- Generated by org.testng.reporters.JUnitReportReporter -->
<testsuite hostname="DESKTOP-U273UD0" failures="0" tests="1" name="covid19Api.Fetch_Singleuser" time="2.800" errors="0" timestamp="2020-05-29T12:19:19 IST" skipped="0">
  <testcase classname="covid19Api.Fetch_Singleuser" name="Test1" time="2.800"/>
  <system-out/>
</testsuite> <!-- covid19Api.Fetch_Singleuser -->
